
Config (112 cores optimized):
  Devices: 112 TPU cores (v5e 256)
  Global batch size: 7168
  Batch per device: 64
  Steps per epoch: 1065
  Data loading: HuggingFace streaming + Prefetch

============================================================
WARNING:2025-12-02 22:51:58,938:jax._src.xla_bridge:798: A Google TPU may be present on this machine, but either a TPU-enabled jaxlib or libtpu is not installed. Falling back to cpu.
Available devices: 1
Device type: cpu

============================================================
Loading text embedding model...
============================================================
No sentence-transformers model found with name google/embedding-gecko-text-3. Creating a new one with mean pooling.
Traceback (most recent call last):
  File "/home/mkkang0412/Ouroboros/.venv/lib/python3.10/site-packages/huggingface_hub/utils/_http.py", line 402, in hf_raise_for_status
    response.raise_for_status()
  File "/home/mkkang0412/Ouroboros/.venv/lib/python3.10/site-packages/requests/models.py", line 1026, in raise_for_status
    raise HTTPError(http_error_msg, response=self)
requests.exceptions.HTTPError: 401 Client Error: Unauthorized for url: https://huggingface.co/google/embedding-gecko-text-3/resolve/main/adapter_config.json

The above exception was the direct cause of the following exception:

Traceback (most recent call last):
  File "/home/mkkang0412/Ouroboros/.venv/lib/python3.10/site-packages/transformers/utils/hub.py", line 479, in cached_files
    hf_hub_download(
  File "/home/mkkang0412/Ouroboros/.venv/lib/python3.10/site-packages/huggingface_hub/utils/_validators.py", line 114, in _inner_fn
    return fn(*args, **kwargs)
  File "/home/mkkang0412/Ouroboros/.venv/lib/python3.10/site-packages/huggingface_hub/file_download.py", line 1007, in hf_hub_download
    return _hf_hub_download_to_cache_dir(
  File "/home/mkkang0412/Ouroboros/.venv/lib/python3.10/site-packages/huggingface_hub/file_download.py", line 1114, in _hf_hub_download_to_cache_dir
    _raise_on_head_call_error(head_call_error, force_download, local_files_only)
  File "/home/mkkang0412/Ouroboros/.venv/lib/python3.10/site-packages/huggingface_hub/file_download.py", line 1655, in _raise_on_head_call_error
    raise head_call_error
  File "/home/mkkang0412/Ouroboros/.venv/lib/python3.10/site-packages/huggingface_hub/file_download.py", line 1543, in _get_metadata_or_catch_error
    metadata = get_hf_file_metadata(
  File "/home/mkkang0412/Ouroboros/.venv/lib/python3.10/site-packages/huggingface_hub/utils/_validators.py", line 114, in _inner_fn
    return fn(*args, **kwargs)
  File "/home/mkkang0412/Ouroboros/.venv/lib/python3.10/site-packages/huggingface_hub/file_download.py", line 1460, in get_hf_file_metadata
    r = _request_wrapper(
  File "/home/mkkang0412/Ouroboros/.venv/lib/python3.10/site-packages/huggingface_hub/file_download.py", line 283, in _request_wrapper
    response = _request_wrapper(
  File "/home/mkkang0412/Ouroboros/.venv/lib/python3.10/site-packages/huggingface_hub/file_download.py", line 307, in _request_wrapper
    hf_raise_for_status(response)
  File "/home/mkkang0412/Ouroboros/.venv/lib/python3.10/site-packages/huggingface_hub/utils/_http.py", line 452, in hf_raise_for_status
    raise _format(RepositoryNotFoundError, message, response) from e
huggingface_hub.errors.RepositoryNotFoundError: 401 Client Error. (Request ID: Root=1-692f6d95-40eced7171c5980a35ee6741;08e78814-0dcd-4d44-a635-5334259c9893)

Repository Not Found for url: https://huggingface.co/google/embedding-gecko-text-3/resolve/main/adapter_config.json.
Please make sure you specified the correct `repo_id` and `repo_type`.
If you are trying to access a private or gated repo, make sure you are authenticated. For more details, see https://huggingface.co/docs/huggingface_hub/authentication
Invalid username or password.

The above exception was the direct cause of the following exception:

Traceback (most recent call last):
  File "/home/mkkang0412/Ouroboros/train_tpu_256_112cores.py", line 160, in <module>
    main()
  File "/home/mkkang0412/Ouroboros/train_tpu_256_112cores.py", line 68, in main
    embedding_provider = get_embedding_provider(config.embedding_model)
  File "/home/mkkang0412/Ouroboros/src/embeddings.py", line 86, in get_embedding_provider
    return EmbeddingProvider(model_name)
  File "/home/mkkang0412/Ouroboros/src/embeddings.py", line 16, in __init__
    self.model = SentenceTransformer(model_name)
  File "/home/mkkang0412/Ouroboros/.venv/lib/python3.10/site-packages/sentence_transformers/SentenceTransformer.py", line 339, in __init__
    modules = self._load_auto_model(
  File "/home/mkkang0412/Ouroboros/.venv/lib/python3.10/site-packages/sentence_transformers/SentenceTransformer.py", line 2112, in _load_auto_model
    transformer_model = Transformer(
  File "/home/mkkang0412/Ouroboros/.venv/lib/python3.10/site-packages/sentence_transformers/models/Transformer.py", line 87, in __init__
    config, is_peft_model = self._load_config(model_name_or_path, cache_dir, backend, config_args)
  File "/home/mkkang0412/Ouroboros/.venv/lib/python3.10/site-packages/sentence_transformers/models/Transformer.py", line 138, in _load_config
    find_adapter_config_file(
  File "/home/mkkang0412/Ouroboros/.venv/lib/python3.10/site-packages/transformers/utils/peft_utils.py", line 88, in find_adapter_config_file
    adapter_cached_filename = cached_file(
  File "/home/mkkang0412/Ouroboros/.venv/lib/python3.10/site-packages/transformers/utils/hub.py", line 322, in cached_file
    file = cached_files(path_or_repo_id=path_or_repo_id, filenames=[filename], **kwargs)
  File "/home/mkkang0412/Ouroboros/.venv/lib/python3.10/site-packages/transformers/utils/hub.py", line 511, in cached_files
    raise OSError(
OSError: google/embedding-gecko-text-3 is not a local folder and is not a valid model identifier listed on 'https://huggingface.co/models'
If this is a private repository, make sure to pass a token having permission to this repo either by logging in with `hf auth login` or by passing `token=<your_token>`
Traceback (most recent call last):
  File "/home/mkkang0412/Ouroboros/.venv/lib/python3.10/site-packages/huggingface_hub/utils/_http.py", line 402, in hf_raise_for_status
    response.raise_for_status()
  File "/home/mkkang0412/Ouroboros/.venv/lib/python3.10/site-packages/requests/models.py", line 1026, in raise_for_status
    raise HTTPError(http_error_msg, response=self)
requests.exceptions.HTTPError: 401 Client Error: Unauthorized for url: https://huggingface.co/google/embedding-gecko-text-3/resolve/main/adapter_config.json

The above exception was the direct cause of the following exception:

Traceback (most recent call last):
  File "/home/mkkang0412/Ouroboros/.venv/lib/python3.10/site-packages/transformers/utils/hub.py", line 479, in cached_files
    hf_hub_download(
  File "/home/mkkang0412/Ouroboros/.venv/lib/python3.10/site-packages/huggingface_hub/utils/_validators.py", line 114, in _inner_fn
    return fn(*args, **kwargs)
  File "/home/mkkang0412/Ouroboros/.venv/lib/python3.10/site-packages/huggingface_hub/file_download.py", line 1007, in hf_hub_download
    return _hf_hub_download_to_cache_dir(
  File "/home/mkkang0412/Ouroboros/.venv/lib/python3.10/site-packages/huggingface_hub/file_download.py", line 1114, in _hf_hub_download_to_cache_dir
    _raise_on_head_call_error(head_call_error, force_download, local_files_only)
  File "/home/mkkang0412/Ouroboros/.venv/lib/python3.10/site-packages/huggingface_hub/file_download.py", line 1655, in _raise_on_head_call_error
    raise head_call_error
  File "/home/mkkang0412/Ouroboros/.venv/lib/python3.10/site-packages/huggingface_hub/file_download.py", line 1543, in _get_metadata_or_catch_error
    metadata = get_hf_file_metadata(
  File "/home/mkkang0412/Ouroboros/.venv/lib/python3.10/site-packages/huggingface_hub/utils/_validators.py", line 114, in _inner_fn
    return fn(*args, **kwargs)
  File "/home/mkkang0412/Ouroboros/.venv/lib/python3.10/site-packages/huggingface_hub/file_download.py", line 1460, in get_hf_file_metadata
    r = _request_wrapper(
  File "/home/mkkang0412/Ouroboros/.venv/lib/python3.10/site-packages/huggingface_hub/file_download.py", line 283, in _request_wrapper
    response = _request_wrapper(
  File "/home/mkkang0412/Ouroboros/.venv/lib/python3.10/site-packages/huggingface_hub/file_download.py", line 307, in _request_wrapper
    hf_raise_for_status(response)
  File "/home/mkkang0412/Ouroboros/.venv/lib/python3.10/site-packages/huggingface_hub/utils/_http.py", line 452, in hf_raise_for_status
    raise _format(RepositoryNotFoundError, message, response) from e
huggingface_hub.errors.RepositoryNotFoundError: 401 Client Error. (Request ID: Root=1-692f6d95-40eced7171c5980a35ee6741;08e78814-0dcd-4d44-a635-5334259c9893)

Repository Not Found for url: https://huggingface.co/google/embedding-gecko-text-3/resolve/main/adapter_config.json.
Please make sure you specified the correct `repo_id` and `repo_type`.
If you are trying to access a private or gated repo, make sure you are authenticated. For more details, see https://huggingface.co/docs/huggingface_hub/authentication
Invalid username or password.

The above exception was the direct cause of the following exception:

Traceback (most recent call last):
  File "/home/mkkang0412/Ouroboros/train_tpu_256_112cores.py", line 160, in <module>
    main()
  File "/home/mkkang0412/Ouroboros/train_tpu_256_112cores.py", line 68, in main
    embedding_provider = get_embedding_provider(config.embedding_model)
  File "/home/mkkang0412/Ouroboros/src/embeddings.py", line 86, in get_embedding_provider
    return EmbeddingProvider(model_name)
  File "/home/mkkang0412/Ouroboros/src/embeddings.py", line 16, in __init__
    self.model = SentenceTransformer(model_name)
  File "/home/mkkang0412/Ouroboros/.venv/lib/python3.10/site-packages/sentence_transformers/SentenceTransformer.py", line 339, in __init__
    modules = self._load_auto_model(
  File "/home/mkkang0412/Ouroboros/.venv/lib/python3.10/site-packages/sentence_transformers/SentenceTransformer.py", line 2112, in _load_auto_model
    transformer_model = Transformer(
  File "/home/mkkang0412/Ouroboros/.venv/lib/python3.10/site-packages/sentence_transformers/models/Transformer.py", line 87, in __init__
    config, is_peft_model = self._load_config(model_name_or_path, cache_dir, backend, config_args)
  File "/home/mkkang0412/Ouroboros/.venv/lib/python3.10/site-packages/sentence_transformers/models/Transformer.py", line 138, in _load_config
    find_adapter_config_file(
  File "/home/mkkang0412/Ouroboros/.venv/lib/python3.10/site-packages/transformers/utils/peft_utils.py", line 88, in find_adapter_config_file
    adapter_cached_filename = cached_file(
  File "/home/mkkang0412/Ouroboros/.venv/lib/python3.10/site-packages/transformers/utils/hub.py", line 322, in cached_file
    file = cached_files(path_or_repo_id=path_or_repo_id, filenames=[filename], **kwargs)
  File "/home/mkkang0412/Ouroboros/.venv/lib/python3.10/site-packages/transformers/utils/hub.py", line 511, in cached_files
    raise OSError(
OSError: google/embedding-gecko-text-3 is not a local folder and is not a valid model identifier listed on 'https://huggingface.co/models'
If this is a private repository, make sure to pass a token having permission to this repo either by logging in with `hf auth login` or by passing `token=<your_token>`
