
Config (112 cores optimized):
  Devices: 112 TPU cores (v5e 256)
  Global batch size: 7168
  Batch per device: 64
  Steps per epoch: 1065
  Data loading: HuggingFace streaming + Prefetch

============================================================
WARNING:2025-12-02 22:54:59,806:jax._src.xla_bridge:798: A Google TPU may be present on this machine, but either a TPU-enabled jaxlib or libtpu is not installed. Falling back to cpu.
Available devices: 1
Device type: cpu

============================================================
Loading text embedding model...
============================================================
No sentence-transformers model found with name google/embeddinggemma-300m. Creating a new one with mean pooling.
Traceback (most recent call last):
  File "/home/mkkang0412/Ouroboros/.venv/lib/python3.10/site-packages/huggingface_hub/utils/_http.py", line 402, in hf_raise_for_status
    response.raise_for_status()
  File "/home/mkkang0412/Ouroboros/.venv/lib/python3.10/site-packages/requests/models.py", line 1026, in raise_for_status
    raise HTTPError(http_error_msg, response=self)
requests.exceptions.HTTPError: 401 Client Error: Unauthorized for url: https://huggingface.co/google/embeddinggemma-300m/resolve/main/config.json

The above exception was the direct cause of the following exception:

Traceback (most recent call last):
  File "/home/mkkang0412/Ouroboros/.venv/lib/python3.10/site-packages/transformers/utils/hub.py", line 479, in cached_files
    hf_hub_download(
  File "/home/mkkang0412/Ouroboros/.venv/lib/python3.10/site-packages/huggingface_hub/utils/_validators.py", line 114, in _inner_fn
    return fn(*args, **kwargs)
  File "/home/mkkang0412/Ouroboros/.venv/lib/python3.10/site-packages/huggingface_hub/file_download.py", line 1007, in hf_hub_download
    return _hf_hub_download_to_cache_dir(
  File "/home/mkkang0412/Ouroboros/.venv/lib/python3.10/site-packages/huggingface_hub/file_download.py", line 1114, in _hf_hub_download_to_cache_dir
    _raise_on_head_call_error(head_call_error, force_download, local_files_only)
  File "/home/mkkang0412/Ouroboros/.venv/lib/python3.10/site-packages/huggingface_hub/file_download.py", line 1655, in _raise_on_head_call_error
    raise head_call_error
  File "/home/mkkang0412/Ouroboros/.venv/lib/python3.10/site-packages/huggingface_hub/file_download.py", line 1543, in _get_metadata_or_catch_error
    metadata = get_hf_file_metadata(
  File "/home/mkkang0412/Ouroboros/.venv/lib/python3.10/site-packages/huggingface_hub/utils/_validators.py", line 114, in _inner_fn
    return fn(*args, **kwargs)
  File "/home/mkkang0412/Ouroboros/.venv/lib/python3.10/site-packages/huggingface_hub/file_download.py", line 1460, in get_hf_file_metadata
    r = _request_wrapper(
  File "/home/mkkang0412/Ouroboros/.venv/lib/python3.10/site-packages/huggingface_hub/file_download.py", line 283, in _request_wrapper
    response = _request_wrapper(
  File "/home/mkkang0412/Ouroboros/.venv/lib/python3.10/site-packages/huggingface_hub/file_download.py", line 307, in _request_wrapper
    hf_raise_for_status(response)
  File "/home/mkkang0412/Ouroboros/.venv/lib/python3.10/site-packages/huggingface_hub/utils/_http.py", line 419, in hf_raise_for_status
    raise _format(GatedRepoError, message, response) from e
huggingface_hub.errors.GatedRepoError: 401 Client Error. (Request ID: Root=1-692f6e47-62f9a356751bc379422cf632;87f7d8b2-2fed-44c2-9db8-9d1c605599c4)

Cannot access gated repo for url https://huggingface.co/google/embeddinggemma-300m/resolve/main/config.json.
Access to model google/embeddinggemma-300m is restricted. You must have access to it and be authenticated to access it. Please log in.

The above exception was the direct cause of the following exception:

Traceback (most recent call last):
  File "/home/mkkang0412/Ouroboros/train_tpu_256_112cores.py", line 161, in <module>
    main()
  File "/home/mkkang0412/Ouroboros/train_tpu_256_112cores.py", line 69, in main
    embedding_provider = get_embedding_provider(config.embedding_model)
  File "/home/mkkang0412/Ouroboros/src/embeddings.py", line 96, in get_embedding_provider
    return EmbeddingProvider(model_name)
  File "/home/mkkang0412/Ouroboros/src/embeddings.py", line 16, in __init__
    self.model = SentenceTransformer(model_name)
  File "/home/mkkang0412/Ouroboros/.venv/lib/python3.10/site-packages/sentence_transformers/SentenceTransformer.py", line 339, in __init__
    modules = self._load_auto_model(
  File "/home/mkkang0412/Ouroboros/.venv/lib/python3.10/site-packages/sentence_transformers/SentenceTransformer.py", line 2112, in _load_auto_model
    transformer_model = Transformer(
  File "/home/mkkang0412/Ouroboros/.venv/lib/python3.10/site-packages/sentence_transformers/models/Transformer.py", line 87, in __init__
    config, is_peft_model = self._load_config(model_name_or_path, cache_dir, backend, config_args)
  File "/home/mkkang0412/Ouroboros/.venv/lib/python3.10/site-packages/sentence_transformers/models/Transformer.py", line 162, in _load_config
    return AutoConfig.from_pretrained(model_name_or_path, **config_args, cache_dir=cache_dir), False
  File "/home/mkkang0412/Ouroboros/.venv/lib/python3.10/site-packages/transformers/models/auto/configuration_auto.py", line 1332, in from_pretrained
    config_dict, unused_kwargs = PretrainedConfig.get_config_dict(pretrained_model_name_or_path, **kwargs)
  File "/home/mkkang0412/Ouroboros/.venv/lib/python3.10/site-packages/transformers/configuration_utils.py", line 662, in get_config_dict
    config_dict, kwargs = cls._get_config_dict(pretrained_model_name_or_path, **kwargs)
  File "/home/mkkang0412/Ouroboros/.venv/lib/python3.10/site-packages/transformers/configuration_utils.py", line 721, in _get_config_dict
    resolved_config_file = cached_file(
  File "/home/mkkang0412/Ouroboros/.venv/lib/python3.10/site-packages/transformers/utils/hub.py", line 322, in cached_file
    file = cached_files(path_or_repo_id=path_or_repo_id, filenames=[filename], **kwargs)
  File "/home/mkkang0412/Ouroboros/.venv/lib/python3.10/site-packages/transformers/utils/hub.py", line 543, in cached_files
    raise OSError(
OSError: You are trying to access a gated repo.
Make sure to have access to it at https://huggingface.co/google/embeddinggemma-300m.
401 Client Error. (Request ID: Root=1-692f6e47-62f9a356751bc379422cf632;87f7d8b2-2fed-44c2-9db8-9d1c605599c4)

Cannot access gated repo for url https://huggingface.co/google/embeddinggemma-300m/resolve/main/config.json.
Access to model google/embeddinggemma-300m is restricted. You must have access to it and be authenticated to access it. Please log in.
Traceback (most recent call last):
  File "/home/mkkang0412/Ouroboros/.venv/lib/python3.10/site-packages/huggingface_hub/utils/_http.py", line 402, in hf_raise_for_status
    response.raise_for_status()
  File "/home/mkkang0412/Ouroboros/.venv/lib/python3.10/site-packages/requests/models.py", line 1026, in raise_for_status
    raise HTTPError(http_error_msg, response=self)
requests.exceptions.HTTPError: 401 Client Error: Unauthorized for url: https://huggingface.co/google/embeddinggemma-300m/resolve/main/config.json

The above exception was the direct cause of the following exception:

Traceback (most recent call last):
  File "/home/mkkang0412/Ouroboros/.venv/lib/python3.10/site-packages/transformers/utils/hub.py", line 479, in cached_files
    hf_hub_download(
  File "/home/mkkang0412/Ouroboros/.venv/lib/python3.10/site-packages/huggingface_hub/utils/_validators.py", line 114, in _inner_fn
    return fn(*args, **kwargs)
  File "/home/mkkang0412/Ouroboros/.venv/lib/python3.10/site-packages/huggingface_hub/file_download.py", line 1007, in hf_hub_download
    return _hf_hub_download_to_cache_dir(
  File "/home/mkkang0412/Ouroboros/.venv/lib/python3.10/site-packages/huggingface_hub/file_download.py", line 1114, in _hf_hub_download_to_cache_dir
    _raise_on_head_call_error(head_call_error, force_download, local_files_only)
  File "/home/mkkang0412/Ouroboros/.venv/lib/python3.10/site-packages/huggingface_hub/file_download.py", line 1655, in _raise_on_head_call_error
    raise head_call_error
  File "/home/mkkang0412/Ouroboros/.venv/lib/python3.10/site-packages/huggingface_hub/file_download.py", line 1543, in _get_metadata_or_catch_error
    metadata = get_hf_file_metadata(
  File "/home/mkkang0412/Ouroboros/.venv/lib/python3.10/site-packages/huggingface_hub/utils/_validators.py", line 114, in _inner_fn
    return fn(*args, **kwargs)
  File "/home/mkkang0412/Ouroboros/.venv/lib/python3.10/site-packages/huggingface_hub/file_download.py", line 1460, in get_hf_file_metadata
    r = _request_wrapper(
  File "/home/mkkang0412/Ouroboros/.venv/lib/python3.10/site-packages/huggingface_hub/file_download.py", line 283, in _request_wrapper
    response = _request_wrapper(
  File "/home/mkkang0412/Ouroboros/.venv/lib/python3.10/site-packages/huggingface_hub/file_download.py", line 307, in _request_wrapper
    hf_raise_for_status(response)
  File "/home/mkkang0412/Ouroboros/.venv/lib/python3.10/site-packages/huggingface_hub/utils/_http.py", line 419, in hf_raise_for_status
    raise _format(GatedRepoError, message, response) from e
huggingface_hub.errors.GatedRepoError: 401 Client Error. (Request ID: Root=1-692f6e47-62f9a356751bc379422cf632;87f7d8b2-2fed-44c2-9db8-9d1c605599c4)

Cannot access gated repo for url https://huggingface.co/google/embeddinggemma-300m/resolve/main/config.json.
Access to model google/embeddinggemma-300m is restricted. You must have access to it and be authenticated to access it. Please log in.

The above exception was the direct cause of the following exception:

Traceback (most recent call last):
  File "/home/mkkang0412/Ouroboros/train_tpu_256_112cores.py", line 161, in <module>
    main()
  File "/home/mkkang0412/Ouroboros/train_tpu_256_112cores.py", line 69, in main
    embedding_provider = get_embedding_provider(config.embedding_model)
  File "/home/mkkang0412/Ouroboros/src/embeddings.py", line 96, in get_embedding_provider
    return EmbeddingProvider(model_name)
  File "/home/mkkang0412/Ouroboros/src/embeddings.py", line 16, in __init__
    self.model = SentenceTransformer(model_name)
  File "/home/mkkang0412/Ouroboros/.venv/lib/python3.10/site-packages/sentence_transformers/SentenceTransformer.py", line 339, in __init__
    modules = self._load_auto_model(
  File "/home/mkkang0412/Ouroboros/.venv/lib/python3.10/site-packages/sentence_transformers/SentenceTransformer.py", line 2112, in _load_auto_model
    transformer_model = Transformer(
  File "/home/mkkang0412/Ouroboros/.venv/lib/python3.10/site-packages/sentence_transformers/models/Transformer.py", line 87, in __init__
    config, is_peft_model = self._load_config(model_name_or_path, cache_dir, backend, config_args)
  File "/home/mkkang0412/Ouroboros/.venv/lib/python3.10/site-packages/sentence_transformers/models/Transformer.py", line 162, in _load_config
    return AutoConfig.from_pretrained(model_name_or_path, **config_args, cache_dir=cache_dir), False
  File "/home/mkkang0412/Ouroboros/.venv/lib/python3.10/site-packages/transformers/models/auto/configuration_auto.py", line 1332, in from_pretrained
    config_dict, unused_kwargs = PretrainedConfig.get_config_dict(pretrained_model_name_or_path, **kwargs)
  File "/home/mkkang0412/Ouroboros/.venv/lib/python3.10/site-packages/transformers/configuration_utils.py", line 662, in get_config_dict
    config_dict, kwargs = cls._get_config_dict(pretrained_model_name_or_path, **kwargs)
  File "/home/mkkang0412/Ouroboros/.venv/lib/python3.10/site-packages/transformers/configuration_utils.py", line 721, in _get_config_dict
    resolved_config_file = cached_file(
  File "/home/mkkang0412/Ouroboros/.venv/lib/python3.10/site-packages/transformers/utils/hub.py", line 322, in cached_file
    file = cached_files(path_or_repo_id=path_or_repo_id, filenames=[filename], **kwargs)
  File "/home/mkkang0412/Ouroboros/.venv/lib/python3.10/site-packages/transformers/utils/hub.py", line 543, in cached_files
    raise OSError(
OSError: You are trying to access a gated repo.
Make sure to have access to it at https://huggingface.co/google/embeddinggemma-300m.
401 Client Error. (Request ID: Root=1-692f6e47-62f9a356751bc379422cf632;87f7d8b2-2fed-44c2-9db8-9d1c605599c4)

Cannot access gated repo for url https://huggingface.co/google/embeddinggemma-300m/resolve/main/config.json.
Access to model google/embeddinggemma-300m is restricted. You must have access to it and be authenticated to access it. Please log in.
